<?xml version="1.0" encoding="UTF-8"?>
<!-- Generated by org.testng.reporters.JUnitReportReporter -->
<testsuite hostname="DESKTOP-L8VPHJS" failures="0" tests="3" name="testScripts.A11yTestOne" time="13.405" errors="0" timestamp="2022-02-03T17:22:02 IST" skipped="2">
  <testcase classname="testScripts.A11yTestOne" name="testWebElement" time="13.405"/>
  <system-out/>
  <testcase classname="testScripts.A11yTestOne" name="sampleOneTest">
    <skipped/>
  </testcase> <!-- sampleOneTest -->
  <system-out/>
  <testcase classname="testScripts.A11yTestOne" name="testWithSelectors">
    <skipped/>
  </testcase> <!-- testWithSelectors -->
  <system-out/>
</testsuite> <!-- testScripts.A11yTestOne -->
